<?xml version="1.0" encoding="UTF-8"?>
<!-- Generated by org.testng.reporters.JUnitReportReporter -->
<testsuite hostname="TYSS-Mohammed-Riza-Washiq" failures="0" tests="1" name="com.shopperstack.login.Login" time="4.377" errors="0" timestamp="2024-11-19T16:16:37 IST" skipped="0">
  <testcase classname="com.shopperstack.login.Login" name="loginTest" time="4.377"/>
</testsuite> <!-- com.shopperstack.login.Login -->
