<?xml version="1.0" encoding="UTF-8"?>
<!-- Generated by org.testng.reporters.JUnitReportReporter -->
<testsuite hostname="TYSS-Mohammed-Riza-Washiq" failures="0" tests="1" name="com.shopperstack.wishlist.ViewWishlist" time="0.621" errors="0" timestamp="2024-11-19T16:16:37 IST" skipped="0">
  <testcase classname="com.shopperstack.wishlist.ViewWishlist" name="getFromWishListTest" time="0.621"/>
</testsuite> <!-- com.shopperstack.wishlist.ViewWishlist -->
