<?xml version="1.0" encoding="UTF-8"?>
<!-- Generated by org.testng.reporters.JUnitReportReporter -->
<testsuite hostname="TYSS-Mohammed-Riza-Washiq" failures="0" tests="1" name="com.shooperstack.adress.AddAdress" time="0.694" errors="0" timestamp="2024-11-19T16:16:37 IST" skipped="0">
  <testcase classname="com.shooperstack.adress.AddAdress" name="addAdressTest" time="0.694"/>
</testsuite> <!-- com.shooperstack.adress.AddAdress -->
