<?xml version="1.0" encoding="UTF-8"?>
<!-- Generated by org.testng.reporters.JUnitReportReporter -->
<testsuite hostname="TYSS-Mohammed-Riza-Washiq" failures="0" tests="1" name="com.shopperstack.carts.GetFromCart" time="0.677" errors="0" timestamp="2024-11-19T16:16:37 IST" skipped="0">
  <testcase classname="com.shopperstack.carts.GetFromCart" name="getPRodFromCartTest" time="0.677"/>
</testsuite> <!-- com.shopperstack.carts.GetFromCart -->
