<?xml version="1.0" encoding="UTF-8"?>
<!-- Generated by org.testng.reporters.JUnitReportReporter -->
<testsuite hostname="TYSS-Mohammed-Riza-Washiq" failures="0" tests="1" name="com.shopperstack.login.Login$AddTowishlist" time="0.595" errors="0" timestamp="2024-11-19T10:56:10 IST" skipped="0">
  <testcase classname="com.shopperstack.login.Login$AddTowishlist" name="addWishList" time="0.595"/>
</testsuite> <!-- com.shopperstack.login.Login$AddTowishlist -->
