<?xml version="1.0" encoding="UTF-8"?>
<!-- Generated by org.testng.reporters.JUnitReportReporter -->
<testsuite hostname="TYSS-Mohammed-Riza-Washiq" failures="0" tests="1" name="com.shopperstack.viewProduct.ViewProducts" time="2.915" errors="0" timestamp="2024-11-19T10:31:32 IST" skipped="0">
  <testcase classname="com.shopperstack.viewProduct.ViewProducts" name="viewProd" time="2.915"/>
</testsuite> <!-- com.shopperstack.viewProduct.ViewProducts -->
